[0.028s] Invoking command in '/home/turtlebot100/turtlebot3_ws/build/ld08_driver': CMAKE_PREFIX_PATH=/opt/ros/humble /usr/bin/cmake /home/turtlebot100/turtlebot3_ws/src/ld08_driver -DAMENT_CMAKE_SYMLINK_INSTALL=1 -DCMAKE_INSTALL_PREFIX=/home/turtlebot100/turtlebot3_ws/install/ld08_driver
[0.267s] -- The C compiler identification is GNU 11.4.0
[0.517s] -- The CXX compiler identification is GNU 11.4.0
[0.548s] -- Detecting C compiler ABI info
[0.838s] -- Detecting C compiler ABI info - done
[0.864s] -- Check for working C compiler: /usr/bin/cc - skipped
[0.865s] -- Detecting C compile features
[0.866s] -- Detecting C compile features - done
[0.877s] -- Detecting CXX compiler ABI info
[1.207s] -- Detecting CXX compiler ABI info - done
[1.235s] -- Check for working CXX compiler: /usr/bin/c++ - skipped
[1.235s] -- Detecting CXX compile features
[1.237s] -- Detecting CXX compile features - done
[1.256s] -- Found ament_cmake: 1.3.13 (/opt/ros/humble/share/ament_cmake/cmake)
[1.930s] -- Found Python3: /usr/bin/python3 (found version "3.10.12") found components: Interpreter 
[2.201s] -- Override CMake install command with custom implementation using symlinks instead of copying resources
[2.390s] -- Found rclcpp: 16.0.18 (/opt/ros/humble/share/rclcpp/cmake)
[2.622s] -- Found rosidl_generator_c: 3.1.8 (/opt/ros/humble/share/rosidl_generator_c/cmake)
[2.652s] -- Found rosidl_adapter: 3.1.8 (/opt/ros/humble/share/rosidl_adapter/cmake)
[2.697s] -- Found rosidl_generator_cpp: 3.1.8 (/opt/ros/humble/share/rosidl_generator_cpp/cmake)
[2.756s] -- Using all available rosidl_typesupport_c: rosidl_typesupport_fastrtps_c;rosidl_typesupport_introspection_c
[2.836s] -- Using all available rosidl_typesupport_cpp: rosidl_typesupport_fastrtps_cpp;rosidl_typesupport_introspection_cpp
[3.055s] -- Found rmw_implementation_cmake: 6.1.2 (/opt/ros/humble/share/rmw_implementation_cmake/cmake)
[3.071s] -- Found rmw_fastrtps_cpp: 6.2.10 (/opt/ros/humble/share/rmw_fastrtps_cpp/cmake)
[3.463s] -- Found OpenSSL: /usr/lib/aarch64-linux-gnu/libcrypto.so (found version "3.0.2")  
[3.575s] -- Found FastRTPS: /opt/ros/humble/include  
[3.757s] -- Using RMW implementation 'rmw_fastrtps_cpp' as default
[3.806s] -- Looking for pthread.h
[4.119s] -- Looking for pthread.h - found
[4.122s] -- Performing Test CMAKE_HAVE_LIBC_PTHREAD
[4.429s] -- Performing Test CMAKE_HAVE_LIBC_PTHREAD - Success
[4.433s] -- Found Threads: TRUE  
[4.658s] -- Found sensor_msgs: 4.9.1 (/opt/ros/humble/share/sensor_msgs/cmake)
[4.833s] -- Found Boost: /usr/lib/aarch64-linux-gnu/cmake/Boost-1.74.0/BoostConfig.cmake (found version "1.74.0") found components: system 
[5.137s] -- Configuring done
[5.195s] -- Generating done
[5.210s] -- Build files have been written to: /home/turtlebot100/turtlebot3_ws/build/ld08_driver
[5.243s] Invoked command in '/home/turtlebot100/turtlebot3_ws/build/ld08_driver' returned '0': CMAKE_PREFIX_PATH=/opt/ros/humble /usr/bin/cmake /home/turtlebot100/turtlebot3_ws/src/ld08_driver -DAMENT_CMAKE_SYMLINK_INSTALL=1 -DCMAKE_INSTALL_PREFIX=/home/turtlebot100/turtlebot3_ws/install/ld08_driver
[5.250s] Invoking command in '/home/turtlebot100/turtlebot3_ws/build/ld08_driver': CMAKE_PREFIX_PATH=/opt/ros/humble /usr/bin/cmake --build /home/turtlebot100/turtlebot3_ws/build/ld08_driver -- -j4 -l4
[5.448s] [ 16%] [32mBuilding CXX object CMakeFiles/ld08_driver.dir/src/cmd_interface_linux.cpp.o[0m
[5.450s] [ 33%] [32mBuilding CXX object CMakeFiles/ld08_driver.dir/src/lipkg.cpp.o[0m
[5.452s] [ 50%] [32mBuilding CXX object CMakeFiles/ld08_driver.dir/src/main.cpp.o[0m
[5.460s] [ 66%] [32mBuilding CXX object CMakeFiles/ld08_driver.dir/src/slbf.cpp.o[0m
[9.649s] [ 83%] [32mBuilding CXX object CMakeFiles/ld08_driver.dir/src/transform.cpp.o[0m
[29.892s] [100%] [32m[1mLinking CXX executable ld08_driver[0m
[31.725s] [100%] Built target ld08_driver
[31.818s] Invoked command in '/home/turtlebot100/turtlebot3_ws/build/ld08_driver' returned '0': CMAKE_PREFIX_PATH=/opt/ros/humble /usr/bin/cmake --build /home/turtlebot100/turtlebot3_ws/build/ld08_driver -- -j4 -l4
[31.826s] Invoking command in '/home/turtlebot100/turtlebot3_ws/build/ld08_driver': CMAKE_PREFIX_PATH=/opt/ros/humble /usr/bin/cmake --install /home/turtlebot100/turtlebot3_ws/build/ld08_driver
[31.851s] -- Install configuration: ""
[31.853s] -- Execute custom install script
[31.855s] -- Symlinking: /home/turtlebot100/turtlebot3_ws/install/ld08_driver/share/ld08_driver/launch/ld08.launch.py
[31.886s] -- Symlinking: /home/turtlebot100/turtlebot3_ws/install/ld08_driver/lib/ld08_driver/ld08_driver
[31.917s] -- Symlinking: /home/turtlebot100/turtlebot3_ws/install/ld08_driver/share/ament_index/resource_index/package_run_dependencies/ld08_driver
[31.948s] -- Symlinking: /home/turtlebot100/turtlebot3_ws/install/ld08_driver/share/ament_index/resource_index/parent_prefix_path/ld08_driver
[31.978s] -- Symlinking: /home/turtlebot100/turtlebot3_ws/install/ld08_driver/share/ld08_driver/environment/ament_prefix_path.sh
[32.009s] -- Symlinking: /home/turtlebot100/turtlebot3_ws/install/ld08_driver/share/ld08_driver/environment/ament_prefix_path.dsv
[32.039s] -- Symlinking: /home/turtlebot100/turtlebot3_ws/install/ld08_driver/share/ld08_driver/environment/path.sh
[32.070s] -- Symlinking: /home/turtlebot100/turtlebot3_ws/install/ld08_driver/share/ld08_driver/environment/path.dsv
[32.102s] -- Symlinking: /home/turtlebot100/turtlebot3_ws/install/ld08_driver/share/ld08_driver/local_setup.bash
[32.132s] -- Symlinking: /home/turtlebot100/turtlebot3_ws/install/ld08_driver/share/ld08_driver/local_setup.sh
[32.169s] -- Symlinking: /home/turtlebot100/turtlebot3_ws/install/ld08_driver/share/ld08_driver/local_setup.zsh
[32.204s] -- Symlinking: /home/turtlebot100/turtlebot3_ws/install/ld08_driver/share/ld08_driver/local_setup.dsv
[32.234s] -- Symlinking: /home/turtlebot100/turtlebot3_ws/install/ld08_driver/share/ld08_driver/package.dsv
[32.266s] -- Symlinking: /home/turtlebot100/turtlebot3_ws/install/ld08_driver/share/ament_index/resource_index/packages/ld08_driver
[32.298s] -- Symlinking: /home/turtlebot100/turtlebot3_ws/install/ld08_driver/share/ld08_driver/cmake/ament_cmake_export_dependencies-extras.cmake
[32.329s] -- Symlinking: /home/turtlebot100/turtlebot3_ws/install/ld08_driver/share/ld08_driver/cmake/ament_cmake_export_include_directories-extras.cmake
[32.359s] -- Symlinking: /home/turtlebot100/turtlebot3_ws/install/ld08_driver/share/ld08_driver/cmake/ld08_driverConfig.cmake
[32.389s] -- Symlinking: /home/turtlebot100/turtlebot3_ws/install/ld08_driver/share/ld08_driver/cmake/ld08_driverConfig-version.cmake
[32.418s] -- Symlinking: /home/turtlebot100/turtlebot3_ws/install/ld08_driver/share/ld08_driver/package.xml
[32.455s] Invoked command in '/home/turtlebot100/turtlebot3_ws/build/ld08_driver' returned '0': CMAKE_PREFIX_PATH=/opt/ros/humble /usr/bin/cmake --install /home/turtlebot100/turtlebot3_ws/build/ld08_driver
