[0.035s] Invoking command in '/home/turtlebot100/turtlebot3_ws/build/turtlebot3_description': CMAKE_PREFIX_PATH=/opt/ros/humble /usr/bin/cmake /home/turtlebot100/turtlebot3_ws/src/turtlebot3/turtlebot3_description -DAMENT_CMAKE_SYMLINK_INSTALL=1 -DCMAKE_INSTALL_PREFIX=/home/turtlebot100/turtlebot3_ws/install/turtlebot3_description
[0.447s] -- The C compiler identification is GNU 11.4.0
[0.694s] -- The CXX compiler identification is GNU 11.4.0
[0.725s] -- Detecting C compiler ABI info
[1.034s] -- Detecting C compiler ABI info - done
[1.060s] -- Check for working C compiler: /usr/bin/cc - skipped
[1.061s] -- Detecting C compile features
[1.063s] -- Detecting C compile features - done
[1.073s] -- Detecting CXX compiler ABI info
[1.406s] -- Detecting CXX compiler ABI info - done
[1.432s] -- Check for working CXX compiler: /usr/bin/c++ - skipped
[1.433s] -- Detecting CXX compile features
[1.435s] -- Detecting CXX compile features - done
[1.456s] -- Found ament_cmake: 1.3.13 (/opt/ros/humble/share/ament_cmake/cmake)
[2.127s] -- Found Python3: /usr/bin/python3 (found version "3.10.12") found components: Interpreter 
[2.402s] -- Override CMake install command with custom implementation using symlinks instead of copying resources
[3.383s] -- Found urdf: 2.6.1 (/opt/ros/humble/share/urdf/cmake)
[3.938s] -- Configuring done
[3.958s] -- Generating done
[3.965s] -- Build files have been written to: /home/turtlebot100/turtlebot3_ws/build/turtlebot3_description
[3.985s] Invoked command in '/home/turtlebot100/turtlebot3_ws/build/turtlebot3_description' returned '0': CMAKE_PREFIX_PATH=/opt/ros/humble /usr/bin/cmake /home/turtlebot100/turtlebot3_ws/src/turtlebot3/turtlebot3_description -DAMENT_CMAKE_SYMLINK_INSTALL=1 -DCMAKE_INSTALL_PREFIX=/home/turtlebot100/turtlebot3_ws/install/turtlebot3_description
[3.994s] Invoking command in '/home/turtlebot100/turtlebot3_ws/build/turtlebot3_description': CMAKE_PREFIX_PATH=/opt/ros/humble /usr/bin/cmake --build /home/turtlebot100/turtlebot3_ws/build/turtlebot3_description -- -j4 -l4
[4.130s] Invoked command in '/home/turtlebot100/turtlebot3_ws/build/turtlebot3_description' returned '0': CMAKE_PREFIX_PATH=/opt/ros/humble /usr/bin/cmake --build /home/turtlebot100/turtlebot3_ws/build/turtlebot3_description -- -j4 -l4
[4.168s] Invoking command in '/home/turtlebot100/turtlebot3_ws/build/turtlebot3_description': CMAKE_PREFIX_PATH=/opt/ros/humble /usr/bin/cmake --install /home/turtlebot100/turtlebot3_ws/build/turtlebot3_description
[4.195s] -- Install configuration: ""
[4.196s] -- Execute custom install script
[4.200s] -- Symlinking: /home/turtlebot100/turtlebot3_ws/install/turtlebot3_description/share/turtlebot3_description/meshes/bases/burger_base.stl
[4.230s] -- Symlinking: /home/turtlebot100/turtlebot3_ws/install/turtlebot3_description/share/turtlebot3_description/meshes/bases/waffle_base.stl
[4.258s] -- Symlinking: /home/turtlebot100/turtlebot3_ws/install/turtlebot3_description/share/turtlebot3_description/meshes/bases/waffle_pi_base.stl
[4.289s] -- Symlinking: /home/turtlebot100/turtlebot3_ws/install/turtlebot3_description/share/turtlebot3_description/meshes/sensors/astra.dae
[4.318s] -- Symlinking: /home/turtlebot100/turtlebot3_ws/install/turtlebot3_description/share/turtlebot3_description/meshes/sensors/astra.jpg
[4.348s] -- Symlinking: /home/turtlebot100/turtlebot3_ws/install/turtlebot3_description/share/turtlebot3_description/meshes/sensors/lds.stl
[4.377s] -- Symlinking: /home/turtlebot100/turtlebot3_ws/install/turtlebot3_description/share/turtlebot3_description/meshes/sensors/r200.dae
[4.706s] -- Symlinking: /home/turtlebot100/turtlebot3_ws/install/turtlebot3_description/share/turtlebot3_description/meshes/sensors/r200.jpg
[4.740s] -- Symlinking: /home/turtlebot100/turtlebot3_ws/install/turtlebot3_description/share/turtlebot3_description/meshes/wheels/left_tire.stl
[4.770s] -- Symlinking: /home/turtlebot100/turtlebot3_ws/install/turtlebot3_description/share/turtlebot3_description/meshes/wheels/right_tire.stl
[4.802s] -- Symlinking: /home/turtlebot100/turtlebot3_ws/install/turtlebot3_description/share/turtlebot3_description/rviz/model.rviz
[4.833s] -- Symlinking: /home/turtlebot100/turtlebot3_ws/install/turtlebot3_description/share/turtlebot3_description/urdf/common_properties.urdf
[4.864s] -- Symlinking: /home/turtlebot100/turtlebot3_ws/install/turtlebot3_description/share/turtlebot3_description/urdf/turtlebot3_burger.urdf
[4.894s] -- Symlinking: /home/turtlebot100/turtlebot3_ws/install/turtlebot3_description/share/turtlebot3_description/urdf/turtlebot3_waffle.urdf
[4.924s] -- Symlinking: /home/turtlebot100/turtlebot3_ws/install/turtlebot3_description/share/turtlebot3_description/urdf/turtlebot3_waffle_pi.urdf
[4.954s] -- Symlinking: /home/turtlebot100/turtlebot3_ws/install/turtlebot3_description/share/ament_index/resource_index/package_run_dependencies/turtlebot3_description
[4.985s] -- Symlinking: /home/turtlebot100/turtlebot3_ws/install/turtlebot3_description/share/ament_index/resource_index/parent_prefix_path/turtlebot3_description
[5.015s] -- Symlinking: /home/turtlebot100/turtlebot3_ws/install/turtlebot3_description/share/turtlebot3_description/environment/ament_prefix_path.sh
[5.046s] -- Symlinking: /home/turtlebot100/turtlebot3_ws/install/turtlebot3_description/share/turtlebot3_description/environment/ament_prefix_path.dsv
[5.078s] -- Symlinking: /home/turtlebot100/turtlebot3_ws/install/turtlebot3_description/share/turtlebot3_description/environment/path.sh
[5.107s] -- Symlinking: /home/turtlebot100/turtlebot3_ws/install/turtlebot3_description/share/turtlebot3_description/environment/path.dsv
[5.139s] -- Symlinking: /home/turtlebot100/turtlebot3_ws/install/turtlebot3_description/share/turtlebot3_description/local_setup.bash
[5.169s] -- Symlinking: /home/turtlebot100/turtlebot3_ws/install/turtlebot3_description/share/turtlebot3_description/local_setup.sh
[5.199s] -- Symlinking: /home/turtlebot100/turtlebot3_ws/install/turtlebot3_description/share/turtlebot3_description/local_setup.zsh
[5.229s] -- Symlinking: /home/turtlebot100/turtlebot3_ws/install/turtlebot3_description/share/turtlebot3_description/local_setup.dsv
[5.260s] -- Symlinking: /home/turtlebot100/turtlebot3_ws/install/turtlebot3_description/share/turtlebot3_description/package.dsv
[5.291s] -- Symlinking: /home/turtlebot100/turtlebot3_ws/install/turtlebot3_description/share/ament_index/resource_index/packages/turtlebot3_description
[5.321s] -- Symlinking: /home/turtlebot100/turtlebot3_ws/install/turtlebot3_description/share/turtlebot3_description/cmake/turtlebot3_descriptionConfig.cmake
[5.352s] -- Symlinking: /home/turtlebot100/turtlebot3_ws/install/turtlebot3_description/share/turtlebot3_description/cmake/turtlebot3_descriptionConfig-version.cmake
[5.382s] -- Symlinking: /home/turtlebot100/turtlebot3_ws/install/turtlebot3_description/share/turtlebot3_description/package.xml
[5.418s] Invoked command in '/home/turtlebot100/turtlebot3_ws/build/turtlebot3_description' returned '0': CMAKE_PREFIX_PATH=/opt/ros/humble /usr/bin/cmake --install /home/turtlebot100/turtlebot3_ws/build/turtlebot3_description
