[0.036s] Invoking command in '/home/turtlebot100/turtlebot3_ws/build/turtlebot3_bringup': AMENT_PREFIX_PATH=/home/turtlebot100/turtlebot3_ws/install/turtlebot3_node:/home/turtlebot100/turtlebot3_ws/install/turtlebot3_description:${AMENT_PREFIX_PATH} CMAKE_PREFIX_PATH=/home/turtlebot100/turtlebot3_ws/install/turtlebot3_node:/home/turtlebot100/turtlebot3_ws/install/turtlebot3_description:/opt/ros/humble /usr/bin/cmake /home/turtlebot100/turtlebot3_ws/src/turtlebot3/turtlebot3_bringup -DAMENT_CMAKE_SYMLINK_INSTALL=1 -DCMAKE_INSTALL_PREFIX=/home/turtlebot100/turtlebot3_ws/install/turtlebot3_bringup
[0.303s] -- The C compiler identification is GNU 11.4.0
[0.555s] -- The CXX compiler identification is GNU 11.4.0
[0.587s] -- Detecting C compiler ABI info
[0.881s] -- Detecting C compiler ABI info - done
[0.908s] -- Check for working C compiler: /usr/bin/cc - skipped
[0.910s] -- Detecting C compile features
[0.912s] -- Detecting C compile features - done
[0.924s] -- Detecting CXX compiler ABI info
[1.299s] -- Detecting CXX compiler ABI info - done
[1.325s] -- Check for working CXX compiler: /usr/bin/c++ - skipped
[1.326s] -- Detecting CXX compile features
[1.328s] -- Detecting CXX compile features - done
[1.499s] -- Found ament_cmake: 1.3.13 (/opt/ros/humble/share/ament_cmake/cmake)
[2.188s] -- Found Python3: /usr/bin/python3 (found version "3.10.12") found components: Interpreter 
[2.500s] -- Override CMake install command with custom implementation using symlinks instead of copying resources
[3.006s] -- Configuring done
[3.025s] -- Generating done
[3.032s] -- Build files have been written to: /home/turtlebot100/turtlebot3_ws/build/turtlebot3_bringup
[3.046s] Invoked command in '/home/turtlebot100/turtlebot3_ws/build/turtlebot3_bringup' returned '0': AMENT_PREFIX_PATH=/home/turtlebot100/turtlebot3_ws/install/turtlebot3_node:/home/turtlebot100/turtlebot3_ws/install/turtlebot3_description:${AMENT_PREFIX_PATH} CMAKE_PREFIX_PATH=/home/turtlebot100/turtlebot3_ws/install/turtlebot3_node:/home/turtlebot100/turtlebot3_ws/install/turtlebot3_description:/opt/ros/humble /usr/bin/cmake /home/turtlebot100/turtlebot3_ws/src/turtlebot3/turtlebot3_bringup -DAMENT_CMAKE_SYMLINK_INSTALL=1 -DCMAKE_INSTALL_PREFIX=/home/turtlebot100/turtlebot3_ws/install/turtlebot3_bringup
[3.055s] Invoking command in '/home/turtlebot100/turtlebot3_ws/build/turtlebot3_bringup': AMENT_PREFIX_PATH=/home/turtlebot100/turtlebot3_ws/install/turtlebot3_node:/home/turtlebot100/turtlebot3_ws/install/turtlebot3_description:${AMENT_PREFIX_PATH} CMAKE_PREFIX_PATH=/home/turtlebot100/turtlebot3_ws/install/turtlebot3_node:/home/turtlebot100/turtlebot3_ws/install/turtlebot3_description:/opt/ros/humble /usr/bin/cmake --build /home/turtlebot100/turtlebot3_ws/build/turtlebot3_bringup -- -j4 -l4
[3.192s] Invoked command in '/home/turtlebot100/turtlebot3_ws/build/turtlebot3_bringup' returned '0': AMENT_PREFIX_PATH=/home/turtlebot100/turtlebot3_ws/install/turtlebot3_node:/home/turtlebot100/turtlebot3_ws/install/turtlebot3_description:${AMENT_PREFIX_PATH} CMAKE_PREFIX_PATH=/home/turtlebot100/turtlebot3_ws/install/turtlebot3_node:/home/turtlebot100/turtlebot3_ws/install/turtlebot3_description:/opt/ros/humble /usr/bin/cmake --build /home/turtlebot100/turtlebot3_ws/build/turtlebot3_bringup -- -j4 -l4
[3.201s] Invoking command in '/home/turtlebot100/turtlebot3_ws/build/turtlebot3_bringup': AMENT_PREFIX_PATH=/home/turtlebot100/turtlebot3_ws/install/turtlebot3_node:/home/turtlebot100/turtlebot3_ws/install/turtlebot3_description:${AMENT_PREFIX_PATH} CMAKE_PREFIX_PATH=/home/turtlebot100/turtlebot3_ws/install/turtlebot3_node:/home/turtlebot100/turtlebot3_ws/install/turtlebot3_description:/opt/ros/humble /usr/bin/cmake --install /home/turtlebot100/turtlebot3_ws/build/turtlebot3_bringup
[3.228s] -- Install configuration: ""
[3.230s] -- Execute custom install script
[3.233s] -- Symlinking: /home/turtlebot100/turtlebot3_ws/install/turtlebot3_bringup/share/turtlebot3_bringup/launch/camera.launch.py
[3.264s] -- Symlinking: /home/turtlebot100/turtlebot3_ws/install/turtlebot3_bringup/share/turtlebot3_bringup/launch/robot.launch.py
[3.294s] -- Symlinking: /home/turtlebot100/turtlebot3_ws/install/turtlebot3_bringup/share/turtlebot3_bringup/launch/rviz2.launch.py
[3.323s] -- Symlinking: /home/turtlebot100/turtlebot3_ws/install/turtlebot3_bringup/share/turtlebot3_bringup/launch/turtlebot3_state_publisher.launch.py
[3.355s] -- Symlinking: /home/turtlebot100/turtlebot3_ws/install/turtlebot3_bringup/share/turtlebot3_bringup/param/burger.yaml
[3.386s] -- Symlinking: /home/turtlebot100/turtlebot3_ws/install/turtlebot3_bringup/share/turtlebot3_bringup/param/humble/burger.yaml
[3.418s] -- Symlinking: /home/turtlebot100/turtlebot3_ws/install/turtlebot3_bringup/share/turtlebot3_bringup/param/humble/waffle.yaml
[3.449s] -- Symlinking: /home/turtlebot100/turtlebot3_ws/install/turtlebot3_bringup/share/turtlebot3_bringup/param/humble/waffle_pi.yaml
[3.478s] -- Symlinking: /home/turtlebot100/turtlebot3_ws/install/turtlebot3_bringup/share/turtlebot3_bringup/param/waffle.yaml
[3.508s] -- Symlinking: /home/turtlebot100/turtlebot3_ws/install/turtlebot3_bringup/share/turtlebot3_bringup/param/waffle_pi.yaml
[3.539s] -- Symlinking: /home/turtlebot100/turtlebot3_ws/install/turtlebot3_bringup/share/turtlebot3_bringup/script/99-turtlebot3-cdc.rules
[3.569s] -- Symlinking: /home/turtlebot100/turtlebot3_ws/install/turtlebot3_bringup/share/turtlebot3_bringup/script/create_udev_rules
[3.600s] -- Symlinking: /home/turtlebot100/turtlebot3_ws/install/turtlebot3_bringup/share/ament_index/resource_index/package_run_dependencies/turtlebot3_bringup
[3.631s] -- Symlinking: /home/turtlebot100/turtlebot3_ws/install/turtlebot3_bringup/share/ament_index/resource_index/parent_prefix_path/turtlebot3_bringup
[3.662s] -- Symlinking: /home/turtlebot100/turtlebot3_ws/install/turtlebot3_bringup/share/turtlebot3_bringup/environment/ament_prefix_path.sh
[3.694s] -- Symlinking: /home/turtlebot100/turtlebot3_ws/install/turtlebot3_bringup/share/turtlebot3_bringup/environment/ament_prefix_path.dsv
[3.723s] -- Symlinking: /home/turtlebot100/turtlebot3_ws/install/turtlebot3_bringup/share/turtlebot3_bringup/environment/path.sh
[3.755s] -- Symlinking: /home/turtlebot100/turtlebot3_ws/install/turtlebot3_bringup/share/turtlebot3_bringup/environment/path.dsv
[3.786s] -- Symlinking: /home/turtlebot100/turtlebot3_ws/install/turtlebot3_bringup/share/turtlebot3_bringup/local_setup.bash
[3.815s] -- Symlinking: /home/turtlebot100/turtlebot3_ws/install/turtlebot3_bringup/share/turtlebot3_bringup/local_setup.sh
[3.847s] -- Symlinking: /home/turtlebot100/turtlebot3_ws/install/turtlebot3_bringup/share/turtlebot3_bringup/local_setup.zsh
[3.877s] -- Symlinking: /home/turtlebot100/turtlebot3_ws/install/turtlebot3_bringup/share/turtlebot3_bringup/local_setup.dsv
[3.907s] -- Symlinking: /home/turtlebot100/turtlebot3_ws/install/turtlebot3_bringup/share/turtlebot3_bringup/package.dsv
[3.939s] -- Symlinking: /home/turtlebot100/turtlebot3_ws/install/turtlebot3_bringup/share/ament_index/resource_index/packages/turtlebot3_bringup
[3.970s] -- Symlinking: /home/turtlebot100/turtlebot3_ws/install/turtlebot3_bringup/share/turtlebot3_bringup/cmake/turtlebot3_bringupConfig.cmake
[4.002s] -- Symlinking: /home/turtlebot100/turtlebot3_ws/install/turtlebot3_bringup/share/turtlebot3_bringup/cmake/turtlebot3_bringupConfig-version.cmake
[4.033s] -- Symlinking: /home/turtlebot100/turtlebot3_ws/install/turtlebot3_bringup/share/turtlebot3_bringup/package.xml
[4.070s] Invoked command in '/home/turtlebot100/turtlebot3_ws/build/turtlebot3_bringup' returned '0': AMENT_PREFIX_PATH=/home/turtlebot100/turtlebot3_ws/install/turtlebot3_node:/home/turtlebot100/turtlebot3_ws/install/turtlebot3_description:${AMENT_PREFIX_PATH} CMAKE_PREFIX_PATH=/home/turtlebot100/turtlebot3_ws/install/turtlebot3_node:/home/turtlebot100/turtlebot3_ws/install/turtlebot3_description:/opt/ros/humble /usr/bin/cmake --install /home/turtlebot100/turtlebot3_ws/build/turtlebot3_bringup
