[0.045s] Invoking command in '/home/turtlebot100/turtlebot3_ws/build/turtlebot3': AMENT_PREFIX_PATH=/home/turtlebot100/turtlebot3_ws/install/turtlebot3_bringup:/home/turtlebot100/turtlebot3_ws/install/turtlebot3_teleop:/home/turtlebot100/turtlebot3_ws/install/turtlebot3_node:/home/turtlebot100/turtlebot3_ws/install/turtlebot3_example:/home/turtlebot100/turtlebot3_ws/install/turtlebot3_description:${AMENT_PREFIX_PATH} CMAKE_PREFIX_PATH=/home/turtlebot100/turtlebot3_ws/install/turtlebot3_bringup:/home/turtlebot100/turtlebot3_ws/install/turtlebot3_node:/home/turtlebot100/turtlebot3_ws/install/turtlebot3_description:/opt/ros/humble PYTHONPATH=/home/turtlebot100/turtlebot3_ws/build/turtlebot3_teleop:/home/turtlebot100/turtlebot3_ws/install/turtlebot3_teleop/lib/python3.10/site-packages:/home/turtlebot100/turtlebot3_ws/build/turtlebot3_example:/home/turtlebot100/turtlebot3_ws/install/turtlebot3_example/lib/python3.10/site-packages:${PYTHONPATH} /usr/bin/cmake /home/turtlebot100/turtlebot3_ws/src/turtlebot3/turtlebot3 -DAMENT_CMAKE_SYMLINK_INSTALL=1 -DCMAKE_INSTALL_PREFIX=/home/turtlebot100/turtlebot3_ws/install/turtlebot3
[0.290s] -- The C compiler identification is GNU 11.4.0
[0.540s] -- The CXX compiler identification is GNU 11.4.0
[0.568s] -- Detecting C compiler ABI info
[0.874s] -- Detecting C compiler ABI info - done
[0.900s] -- Check for working C compiler: /usr/bin/cc - skipped
[0.900s] -- Detecting C compile features
[0.902s] -- Detecting C compile features - done
[0.912s] -- Detecting CXX compiler ABI info
[1.249s] -- Detecting CXX compiler ABI info - done
[1.275s] -- Check for working CXX compiler: /usr/bin/c++ - skipped
[1.276s] -- Detecting CXX compile features
[1.278s] -- Detecting CXX compile features - done
[1.300s] -- Found ament_cmake: 1.3.13 (/opt/ros/humble/share/ament_cmake/cmake)
[2.037s] -- Found Python3: /usr/bin/python3 (found version "3.10.12") found components: Interpreter 
[2.324s] -- Override CMake install command with custom implementation using symlinks instead of copying resources
[2.838s] -- Configuring done
[2.856s] -- Generating done
[2.864s] -- Build files have been written to: /home/turtlebot100/turtlebot3_ws/build/turtlebot3
[2.880s] Invoked command in '/home/turtlebot100/turtlebot3_ws/build/turtlebot3' returned '0': AMENT_PREFIX_PATH=/home/turtlebot100/turtlebot3_ws/install/turtlebot3_bringup:/home/turtlebot100/turtlebot3_ws/install/turtlebot3_teleop:/home/turtlebot100/turtlebot3_ws/install/turtlebot3_node:/home/turtlebot100/turtlebot3_ws/install/turtlebot3_example:/home/turtlebot100/turtlebot3_ws/install/turtlebot3_description:${AMENT_PREFIX_PATH} CMAKE_PREFIX_PATH=/home/turtlebot100/turtlebot3_ws/install/turtlebot3_bringup:/home/turtlebot100/turtlebot3_ws/install/turtlebot3_node:/home/turtlebot100/turtlebot3_ws/install/turtlebot3_description:/opt/ros/humble PYTHONPATH=/home/turtlebot100/turtlebot3_ws/build/turtlebot3_teleop:/home/turtlebot100/turtlebot3_ws/install/turtlebot3_teleop/lib/python3.10/site-packages:/home/turtlebot100/turtlebot3_ws/build/turtlebot3_example:/home/turtlebot100/turtlebot3_ws/install/turtlebot3_example/lib/python3.10/site-packages:${PYTHONPATH} /usr/bin/cmake /home/turtlebot100/turtlebot3_ws/src/turtlebot3/turtlebot3 -DAMENT_CMAKE_SYMLINK_INSTALL=1 -DCMAKE_INSTALL_PREFIX=/home/turtlebot100/turtlebot3_ws/install/turtlebot3
[2.888s] Invoking command in '/home/turtlebot100/turtlebot3_ws/build/turtlebot3': AMENT_PREFIX_PATH=/home/turtlebot100/turtlebot3_ws/install/turtlebot3_bringup:/home/turtlebot100/turtlebot3_ws/install/turtlebot3_teleop:/home/turtlebot100/turtlebot3_ws/install/turtlebot3_node:/home/turtlebot100/turtlebot3_ws/install/turtlebot3_example:/home/turtlebot100/turtlebot3_ws/install/turtlebot3_description:${AMENT_PREFIX_PATH} CMAKE_PREFIX_PATH=/home/turtlebot100/turtlebot3_ws/install/turtlebot3_bringup:/home/turtlebot100/turtlebot3_ws/install/turtlebot3_node:/home/turtlebot100/turtlebot3_ws/install/turtlebot3_description:/opt/ros/humble PYTHONPATH=/home/turtlebot100/turtlebot3_ws/build/turtlebot3_teleop:/home/turtlebot100/turtlebot3_ws/install/turtlebot3_teleop/lib/python3.10/site-packages:/home/turtlebot100/turtlebot3_ws/build/turtlebot3_example:/home/turtlebot100/turtlebot3_ws/install/turtlebot3_example/lib/python3.10/site-packages:${PYTHONPATH} /usr/bin/cmake --build /home/turtlebot100/turtlebot3_ws/build/turtlebot3 -- -j4 -l4
[3.025s] Invoked command in '/home/turtlebot100/turtlebot3_ws/build/turtlebot3' returned '0': AMENT_PREFIX_PATH=/home/turtlebot100/turtlebot3_ws/install/turtlebot3_bringup:/home/turtlebot100/turtlebot3_ws/install/turtlebot3_teleop:/home/turtlebot100/turtlebot3_ws/install/turtlebot3_node:/home/turtlebot100/turtlebot3_ws/install/turtlebot3_example:/home/turtlebot100/turtlebot3_ws/install/turtlebot3_description:${AMENT_PREFIX_PATH} CMAKE_PREFIX_PATH=/home/turtlebot100/turtlebot3_ws/install/turtlebot3_bringup:/home/turtlebot100/turtlebot3_ws/install/turtlebot3_node:/home/turtlebot100/turtlebot3_ws/install/turtlebot3_description:/opt/ros/humble PYTHONPATH=/home/turtlebot100/turtlebot3_ws/build/turtlebot3_teleop:/home/turtlebot100/turtlebot3_ws/install/turtlebot3_teleop/lib/python3.10/site-packages:/home/turtlebot100/turtlebot3_ws/build/turtlebot3_example:/home/turtlebot100/turtlebot3_ws/install/turtlebot3_example/lib/python3.10/site-packages:${PYTHONPATH} /usr/bin/cmake --build /home/turtlebot100/turtlebot3_ws/build/turtlebot3 -- -j4 -l4
[3.035s] Invoking command in '/home/turtlebot100/turtlebot3_ws/build/turtlebot3': AMENT_PREFIX_PATH=/home/turtlebot100/turtlebot3_ws/install/turtlebot3_bringup:/home/turtlebot100/turtlebot3_ws/install/turtlebot3_teleop:/home/turtlebot100/turtlebot3_ws/install/turtlebot3_node:/home/turtlebot100/turtlebot3_ws/install/turtlebot3_example:/home/turtlebot100/turtlebot3_ws/install/turtlebot3_description:${AMENT_PREFIX_PATH} CMAKE_PREFIX_PATH=/home/turtlebot100/turtlebot3_ws/install/turtlebot3_bringup:/home/turtlebot100/turtlebot3_ws/install/turtlebot3_node:/home/turtlebot100/turtlebot3_ws/install/turtlebot3_description:/opt/ros/humble PYTHONPATH=/home/turtlebot100/turtlebot3_ws/build/turtlebot3_teleop:/home/turtlebot100/turtlebot3_ws/install/turtlebot3_teleop/lib/python3.10/site-packages:/home/turtlebot100/turtlebot3_ws/build/turtlebot3_example:/home/turtlebot100/turtlebot3_ws/install/turtlebot3_example/lib/python3.10/site-packages:${PYTHONPATH} /usr/bin/cmake --install /home/turtlebot100/turtlebot3_ws/build/turtlebot3
[3.061s] -- Install configuration: ""
[3.062s] -- Execute custom install script
[3.064s] -- Symlinking: /home/turtlebot100/turtlebot3_ws/install/turtlebot3/share/ament_index/resource_index/package_run_dependencies/turtlebot3
[3.096s] -- Symlinking: /home/turtlebot100/turtlebot3_ws/install/turtlebot3/share/ament_index/resource_index/parent_prefix_path/turtlebot3
[3.127s] -- Symlinking: /home/turtlebot100/turtlebot3_ws/install/turtlebot3/share/turtlebot3/environment/ament_prefix_path.sh
[3.157s] -- Symlinking: /home/turtlebot100/turtlebot3_ws/install/turtlebot3/share/turtlebot3/environment/ament_prefix_path.dsv
[3.188s] -- Symlinking: /home/turtlebot100/turtlebot3_ws/install/turtlebot3/share/turtlebot3/environment/path.sh
[3.218s] -- Symlinking: /home/turtlebot100/turtlebot3_ws/install/turtlebot3/share/turtlebot3/environment/path.dsv
[3.248s] -- Symlinking: /home/turtlebot100/turtlebot3_ws/install/turtlebot3/share/turtlebot3/local_setup.bash
[3.278s] -- Symlinking: /home/turtlebot100/turtlebot3_ws/install/turtlebot3/share/turtlebot3/local_setup.sh
[3.310s] -- Symlinking: /home/turtlebot100/turtlebot3_ws/install/turtlebot3/share/turtlebot3/local_setup.zsh
[3.341s] -- Symlinking: /home/turtlebot100/turtlebot3_ws/install/turtlebot3/share/turtlebot3/local_setup.dsv
[3.371s] -- Symlinking: /home/turtlebot100/turtlebot3_ws/install/turtlebot3/share/turtlebot3/package.dsv
[3.403s] -- Symlinking: /home/turtlebot100/turtlebot3_ws/install/turtlebot3/share/ament_index/resource_index/packages/turtlebot3
[3.434s] -- Symlinking: /home/turtlebot100/turtlebot3_ws/install/turtlebot3/share/turtlebot3/cmake/turtlebot3Config.cmake
[3.464s] -- Symlinking: /home/turtlebot100/turtlebot3_ws/install/turtlebot3/share/turtlebot3/cmake/turtlebot3Config-version.cmake
[3.495s] -- Symlinking: /home/turtlebot100/turtlebot3_ws/install/turtlebot3/share/turtlebot3/package.xml
[3.532s] Invoked command in '/home/turtlebot100/turtlebot3_ws/build/turtlebot3' returned '0': AMENT_PREFIX_PATH=/home/turtlebot100/turtlebot3_ws/install/turtlebot3_bringup:/home/turtlebot100/turtlebot3_ws/install/turtlebot3_teleop:/home/turtlebot100/turtlebot3_ws/install/turtlebot3_node:/home/turtlebot100/turtlebot3_ws/install/turtlebot3_example:/home/turtlebot100/turtlebot3_ws/install/turtlebot3_description:${AMENT_PREFIX_PATH} CMAKE_PREFIX_PATH=/home/turtlebot100/turtlebot3_ws/install/turtlebot3_bringup:/home/turtlebot100/turtlebot3_ws/install/turtlebot3_node:/home/turtlebot100/turtlebot3_ws/install/turtlebot3_description:/opt/ros/humble PYTHONPATH=/home/turtlebot100/turtlebot3_ws/build/turtlebot3_teleop:/home/turtlebot100/turtlebot3_ws/install/turtlebot3_teleop/lib/python3.10/site-packages:/home/turtlebot100/turtlebot3_ws/build/turtlebot3_example:/home/turtlebot100/turtlebot3_ws/install/turtlebot3_example/lib/python3.10/site-packages:${PYTHONPATH} /usr/bin/cmake --install /home/turtlebot100/turtlebot3_ws/build/turtlebot3
