[3.871s] Invoking command in '/home/turtlebot100/turtlebot3_ws/build/turtlebot3_example': PYTHONPATH=/home/turtlebot100/turtlebot3_ws/build/turtlebot3_example/prefix_override:/usr/lib/python3/dist-packages/colcon_core/task/python/colcon_distutils_commands:/home/turtlebot100/turtlebot3_ws/install/turtlebot3_example/lib/python3.10/site-packages:${PYTHONPATH} /usr/bin/python3 -W ignore:setup.py install is deprecated -W ignore:easy_install command is deprecated setup.py develop --editable --build-directory /home/turtlebot100/turtlebot3_ws/build/turtlebot3_example/build --no-deps symlink_data
[4.900s] running develop
[5.491s] running egg_info
[5.492s] creating turtlebot3_example.egg-info
[5.492s] writing turtlebot3_example.egg-info/PKG-INFO
[5.493s] writing dependency_links to turtlebot3_example.egg-info/dependency_links.txt
[5.494s] writing entry points to turtlebot3_example.egg-info/entry_points.txt
[5.494s] writing requirements to turtlebot3_example.egg-info/requires.txt
[5.495s] writing top-level names to turtlebot3_example.egg-info/top_level.txt
[5.496s] writing manifest file 'turtlebot3_example.egg-info/SOURCES.txt'
[5.505s] reading manifest file 'turtlebot3_example.egg-info/SOURCES.txt'
[5.508s] writing manifest file 'turtlebot3_example.egg-info/SOURCES.txt'
[5.513s] running build_ext
[5.514s] Creating /home/turtlebot100/turtlebot3_ws/install/turtlebot3_example/lib/python3.10/site-packages/turtlebot3-example.egg-link (link to .)
[5.517s] Installing turtlebot3_absolute_move script to /home/turtlebot100/turtlebot3_ws/install/turtlebot3_example/lib/turtlebot3_example
[5.518s] Installing turtlebot3_interactive_marker script to /home/turtlebot100/turtlebot3_ws/install/turtlebot3_example/lib/turtlebot3_example
[5.519s] Installing turtlebot3_obstacle_detection script to /home/turtlebot100/turtlebot3_ws/install/turtlebot3_example/lib/turtlebot3_example
[5.520s] Installing turtlebot3_patrol_client script to /home/turtlebot100/turtlebot3_ws/install/turtlebot3_example/lib/turtlebot3_example
[5.520s] Installing turtlebot3_patrol_server script to /home/turtlebot100/turtlebot3_ws/install/turtlebot3_example/lib/turtlebot3_example
[5.521s] Installing turtlebot3_relative_move script to /home/turtlebot100/turtlebot3_ws/install/turtlebot3_example/lib/turtlebot3_example
[5.522s] 
[5.523s] Installed /home/turtlebot100/turtlebot3_ws/build/turtlebot3_example
[5.523s] running symlink_data
[5.524s] creating /home/turtlebot100/turtlebot3_ws/install/turtlebot3_example/share/ament_index
[5.524s] creating /home/turtlebot100/turtlebot3_ws/install/turtlebot3_example/share/ament_index/resource_index
[5.524s] creating /home/turtlebot100/turtlebot3_ws/install/turtlebot3_example/share/ament_index/resource_index/packages
[5.525s] symbolically linking /home/turtlebot100/turtlebot3_ws/build/turtlebot3_example/resource/turtlebot3_example -> /home/turtlebot100/turtlebot3_ws/install/turtlebot3_example/share/ament_index/resource_index/packages
[5.526s] symbolically linking /home/turtlebot100/turtlebot3_ws/build/turtlebot3_example/package.xml -> /home/turtlebot100/turtlebot3_ws/install/turtlebot3_example/share/turtlebot3_example
[5.660s] Invoked command in '/home/turtlebot100/turtlebot3_ws/build/turtlebot3_example' returned '0': PYTHONPATH=/home/turtlebot100/turtlebot3_ws/build/turtlebot3_example/prefix_override:/usr/lib/python3/dist-packages/colcon_core/task/python/colcon_distutils_commands:/home/turtlebot100/turtlebot3_ws/install/turtlebot3_example/lib/python3.10/site-packages:${PYTHONPATH} /usr/bin/python3 -W ignore:setup.py install is deprecated -W ignore:easy_install command is deprecated setup.py develop --editable --build-directory /home/turtlebot100/turtlebot3_ws/build/turtlebot3_example/build --no-deps symlink_data
