-- The C compiler identification is GNU 11.4.0
-- The CXX compiler identification is GNU 11.4.0
-- Detecting C compiler ABI info
-- Detecting C compiler ABI info - done
-- Check for working C compiler: /usr/bin/cc - skipped
-- Detecting C compile features
-- Detecting C compile features - done
-- Detecting CXX compiler ABI info
-- Detecting CXX compiler ABI info - done
-- Check for working CXX compiler: /usr/bin/c++ - skipped
-- Detecting CXX compile features
-- Detecting CXX compile features - done
-- Found ament_cmake: 1.3.13 (/opt/ros/humble/share/ament_cmake/cmake)
-- Found Python3: /usr/bin/python3 (found version "3.10.12") found components: Interpreter 
-- Override CMake install command with custom implementation using symlinks instead of copying resources
-- Found rclcpp: 16.0.18 (/opt/ros/humble/share/rclcpp/cmake)
-- Found rosidl_generator_c: 3.1.8 (/opt/ros/humble/share/rosidl_generator_c/cmake)
-- Found rosidl_adapter: 3.1.8 (/opt/ros/humble/share/rosidl_adapter/cmake)
-- Found rosidl_generator_cpp: 3.1.8 (/opt/ros/humble/share/rosidl_generator_cpp/cmake)
-- Using all available rosidl_typesupport_c: rosidl_typesupport_fastrtps_c;rosidl_typesupport_introspection_c
-- Using all available rosidl_typesupport_cpp: rosidl_typesupport_fastrtps_cpp;rosidl_typesupport_introspection_cpp
-- Found rmw_implementation_cmake: 6.1.2 (/opt/ros/humble/share/rmw_implementation_cmake/cmake)
-- Found rmw_fastrtps_cpp: 6.2.10 (/opt/ros/humble/share/rmw_fastrtps_cpp/cmake)
-- Found OpenSSL: /usr/lib/aarch64-linux-gnu/libcrypto.so (found version "3.0.2")  
-- Found FastRTPS: /opt/ros/humble/include  
-- Using RMW implementation 'rmw_fastrtps_cpp' as default
-- Looking for pthread.h
-- Looking for pthread.h - found
-- Performing Test CMAKE_HAVE_LIBC_PTHREAD
-- Performing Test CMAKE_HAVE_LIBC_PTHREAD - Success
-- Found Threads: TRUE  
-- Found rclcpp_lifecycle: 16.0.18 (/opt/ros/humble/share/rclcpp_lifecycle/cmake)
-- Found sensor_msgs: 4.9.1 (/opt/ros/humble/share/sensor_msgs/cmake)
-- Configuring done
-- Generating done
-- Build files have been written to: /home/turtlebot100/turtlebot3_ws/build/coin_d4_driver
[  8%] [32mBuilding CXX object CMakeFiles/coin_d4_driver_lib.dir/src/lidar_sdk/lidar_data_processor.cpp.o[0m
[ 25%] [32mBuilding CXX object CMakeFiles/coin_d4_driver_lib.dir/src/lidar_sdk/serial_port.cpp.o[0m
[ 25%] [32mBuilding CXX object CMakeFiles/coin_d4_driver_lib.dir/src/lidar_sdk/mtime.cpp.o[0m
[ 33%] [32mBuilding CXX object CMakeFiles/coin_d4_driver_lib.dir/src/lidar_sdk/timer.cpp.o[0m
[ 41%] [32mBuilding CXX object CMakeFiles/coin_d4_driver_lib.dir/src/coin_d4_base_handler.cpp.o[0m
[ 50%] [32mBuilding CXX object CMakeFiles/coin_d4_driver_lib.dir/src/coin_d4_lifecycle_handler.cpp.o[0m
[ 58%] [32mBuilding CXX object CMakeFiles/coin_d4_driver_lib.dir/src/coin_d4_node_handler.cpp.o[0m
[ 66%] [32m[1mLinking CXX shared library libcoin_d4_driver_lib.so[0m
[ 66%] Built target coin_d4_driver_lib
[ 83%] [32mBuilding CXX object CMakeFiles/multi_coin_d4_node.dir/src/multi_coin_d4_node.cpp.o[0m
[ 83%] [32mBuilding CXX object CMakeFiles/single_coin_d4_node.dir/src/single_coin_d4_node.cpp.o[0m
[ 91%] [32m[1mLinking CXX executable single_coin_d4_node[0m
[ 91%] Built target single_coin_d4_node
[100%] [32m[1mLinking CXX executable multi_coin_d4_node[0m
[100%] Built target multi_coin_d4_node
-- Install configuration: ""
-- Execute custom install script
-- Symlinking: /home/turtlebot100/turtlebot3_ws/install/coin_d4_driver/include/coin_d4_driver/coin_d4_base_handler.hpp
-- Symlinking: /home/turtlebot100/turtlebot3_ws/install/coin_d4_driver/include/coin_d4_driver/coin_d4_lifecycle_handler.hpp
-- Symlinking: /home/turtlebot100/turtlebot3_ws/install/coin_d4_driver/include/coin_d4_driver/coin_d4_node_handler.hpp
-- Symlinking: /home/turtlebot100/turtlebot3_ws/install/coin_d4_driver/include/coin_d4_driver/lidar_sdk/handling_info.hpp
-- Symlinking: /home/turtlebot100/turtlebot3_ws/install/coin_d4_driver/include/coin_d4_driver/lidar_sdk/lidar_data_processor.hpp
-- Symlinking: /home/turtlebot100/turtlebot3_ws/install/coin_d4_driver/include/coin_d4_driver/lidar_sdk/lidar_information.hpp
-- Symlinking: /home/turtlebot100/turtlebot3_ws/install/coin_d4_driver/include/coin_d4_driver/lidar_sdk/locker.hpp
-- Symlinking: /home/turtlebot100/turtlebot3_ws/install/coin_d4_driver/include/coin_d4_driver/lidar_sdk/mtime.hpp
-- Symlinking: /home/turtlebot100/turtlebot3_ws/install/coin_d4_driver/include/coin_d4_driver/lidar_sdk/serial_port.hpp
-- Symlinking: /home/turtlebot100/turtlebot3_ws/install/coin_d4_driver/include/coin_d4_driver/lidar_sdk/timer.hpp
-- Symlinking: /home/turtlebot100/turtlebot3_ws/install/coin_d4_driver/include/coin_d4_driver/multi_coin_d4_node.hpp
-- Symlinking: /home/turtlebot100/turtlebot3_ws/install/coin_d4_driver/include/coin_d4_driver/single_coin_d4_node.hpp
-- Symlinking: /home/turtlebot100/turtlebot3_ws/install/coin_d4_driver/share/coin_d4_driver/launch/multi_lidar_node.launch.py
-- Symlinking: /home/turtlebot100/turtlebot3_ws/install/coin_d4_driver/share/coin_d4_driver/launch/single_lidar_node.launch.py
-- Symlinking: /home/turtlebot100/turtlebot3_ws/install/coin_d4_driver/share/coin_d4_driver/params/multi_lidar_node.yaml
-- Symlinking: /home/turtlebot100/turtlebot3_ws/install/coin_d4_driver/share/coin_d4_driver/params/single_lidar_node.yaml
-- Symlinking: /home/turtlebot100/turtlebot3_ws/install/coin_d4_driver/lib/coin_d4_driver/single_coin_d4_node
-- Symlinking: /home/turtlebot100/turtlebot3_ws/install/coin_d4_driver/lib/coin_d4_driver/multi_coin_d4_node
-- Symlinking: /home/turtlebot100/turtlebot3_ws/install/coin_d4_driver/share/coin_d4_driver/environment/library_path.sh
-- Symlinking: /home/turtlebot100/turtlebot3_ws/install/coin_d4_driver/share/coin_d4_driver/environment/library_path.dsv
-- Symlinking: /home/turtlebot100/turtlebot3_ws/install/coin_d4_driver/share/ament_index/resource_index/package_run_dependencies/coin_d4_driver
-- Symlinking: /home/turtlebot100/turtlebot3_ws/install/coin_d4_driver/share/ament_index/resource_index/parent_prefix_path/coin_d4_driver
-- Symlinking: /home/turtlebot100/turtlebot3_ws/install/coin_d4_driver/share/coin_d4_driver/environment/ament_prefix_path.sh
-- Symlinking: /home/turtlebot100/turtlebot3_ws/install/coin_d4_driver/share/coin_d4_driver/environment/ament_prefix_path.dsv
-- Symlinking: /home/turtlebot100/turtlebot3_ws/install/coin_d4_driver/share/coin_d4_driver/environment/path.sh
-- Symlinking: /home/turtlebot100/turtlebot3_ws/install/coin_d4_driver/share/coin_d4_driver/environment/path.dsv
-- Symlinking: /home/turtlebot100/turtlebot3_ws/install/coin_d4_driver/share/coin_d4_driver/local_setup.bash
-- Symlinking: /home/turtlebot100/turtlebot3_ws/install/coin_d4_driver/share/coin_d4_driver/local_setup.sh
-- Symlinking: /home/turtlebot100/turtlebot3_ws/install/coin_d4_driver/share/coin_d4_driver/local_setup.zsh
-- Symlinking: /home/turtlebot100/turtlebot3_ws/install/coin_d4_driver/share/coin_d4_driver/local_setup.dsv
-- Symlinking: /home/turtlebot100/turtlebot3_ws/install/coin_d4_driver/share/coin_d4_driver/package.dsv
-- Symlinking: /home/turtlebot100/turtlebot3_ws/install/coin_d4_driver/share/ament_index/resource_index/packages/coin_d4_driver
-- Symlinking: /home/turtlebot100/turtlebot3_ws/install/coin_d4_driver/share/coin_d4_driver/cmake/ament_cmake_export_include_directories-extras.cmake
-- Symlinking: /home/turtlebot100/turtlebot3_ws/install/coin_d4_driver/share/coin_d4_driver/cmake/ament_cmake_export_libraries-extras.cmake
-- Symlinking: /home/turtlebot100/turtlebot3_ws/install/coin_d4_driver/share/coin_d4_driver/cmake/ament_cmake_export_targets-extras.cmake
-- Symlinking: /home/turtlebot100/turtlebot3_ws/install/coin_d4_driver/share/coin_d4_driver/cmake/ament_cmake_export_dependencies-extras.cmake
-- Symlinking: /home/turtlebot100/turtlebot3_ws/install/coin_d4_driver/share/coin_d4_driver/cmake/coin_d4_driverConfig.cmake
-- Symlinking: /home/turtlebot100/turtlebot3_ws/install/coin_d4_driver/share/coin_d4_driver/cmake/coin_d4_driverConfig-version.cmake
-- Symlinking: /home/turtlebot100/turtlebot3_ws/install/coin_d4_driver/share/coin_d4_driver/package.xml
-- Installing: /home/turtlebot100/turtlebot3_ws/install/coin_d4_driver/lib/libcoin_d4_driver_lib.so
-- Set runtime path of "/home/turtlebot100/turtlebot3_ws/install/coin_d4_driver/lib/libcoin_d4_driver_lib.so" to ""
-- Installing: /home/turtlebot100/turtlebot3_ws/install/coin_d4_driver/share/coin_d4_driver/cmake/export_coin_d4_driverExport.cmake
-- Installing: /home/turtlebot100/turtlebot3_ws/install/coin_d4_driver/share/coin_d4_driver/cmake/export_coin_d4_driverExport-noconfig.cmake
