[0.028s] Invoking command in '/home/turtlebot100/turtlebot3_ws/build/coin_d4_driver': CMAKE_PREFIX_PATH=/opt/ros/humble /usr/bin/cmake /home/turtlebot100/turtlebot3_ws/src/coin_d4_driver -DAMENT_CMAKE_SYMLINK_INSTALL=1 -DCMAKE_INSTALL_PREFIX=/home/turtlebot100/turtlebot3_ws/install/coin_d4_driver
[0.271s] -- The C compiler identification is GNU 11.4.0
[0.519s] -- The CXX compiler identification is GNU 11.4.0
[0.550s] -- Detecting C compiler ABI info
[0.851s] -- Detecting C compiler ABI info - done
[0.879s] -- Check for working C compiler: /usr/bin/cc - skipped
[0.879s] -- Detecting C compile features
[0.881s] -- Detecting C compile features - done
[0.892s] -- Detecting CXX compiler ABI info
[1.222s] -- Detecting CXX compiler ABI info - done
[1.250s] -- Check for working CXX compiler: /usr/bin/c++ - skipped
[1.251s] -- Detecting CXX compile features
[1.252s] -- Detecting CXX compile features - done
[1.272s] -- Found ament_cmake: 1.3.13 (/opt/ros/humble/share/ament_cmake/cmake)
[1.945s] -- Found Python3: /usr/bin/python3 (found version "3.10.12") found components: Interpreter 
[2.261s] -- Override CMake install command with custom implementation using symlinks instead of copying resources
[2.448s] -- Found rclcpp: 16.0.18 (/opt/ros/humble/share/rclcpp/cmake)
[2.874s] -- Found rosidl_generator_c: 3.1.8 (/opt/ros/humble/share/rosidl_generator_c/cmake)
[2.912s] -- Found rosidl_adapter: 3.1.8 (/opt/ros/humble/share/rosidl_adapter/cmake)
[2.977s] -- Found rosidl_generator_cpp: 3.1.8 (/opt/ros/humble/share/rosidl_generator_cpp/cmake)
[3.058s] -- Using all available rosidl_typesupport_c: rosidl_typesupport_fastrtps_c;rosidl_typesupport_introspection_c
[3.165s] -- Using all available rosidl_typesupport_cpp: rosidl_typesupport_fastrtps_cpp;rosidl_typesupport_introspection_cpp
[3.448s] -- Found rmw_implementation_cmake: 6.1.2 (/opt/ros/humble/share/rmw_implementation_cmake/cmake)
[3.470s] -- Found rmw_fastrtps_cpp: 6.2.10 (/opt/ros/humble/share/rmw_fastrtps_cpp/cmake)
[3.919s] -- Found OpenSSL: /usr/lib/aarch64-linux-gnu/libcrypto.so (found version "3.0.2")  
[4.030s] -- Found FastRTPS: /opt/ros/humble/include  
[4.216s] -- Using RMW implementation 'rmw_fastrtps_cpp' as default
[4.280s] -- Looking for pthread.h
[4.664s] -- Looking for pthread.h - found
[4.666s] -- Performing Test CMAKE_HAVE_LIBC_PTHREAD
[5.066s] -- Performing Test CMAKE_HAVE_LIBC_PTHREAD - Success
[5.070s] -- Found Threads: TRUE  
[5.355s] -- Found rclcpp_lifecycle: 16.0.18 (/opt/ros/humble/share/rclcpp_lifecycle/cmake)
[5.485s] -- Found sensor_msgs: 4.9.1 (/opt/ros/humble/share/sensor_msgs/cmake)
[5.956s] -- Configuring done
[6.053s] -- Generating done
[6.079s] -- Build files have been written to: /home/turtlebot100/turtlebot3_ws/build/coin_d4_driver
[6.113s] Invoked command in '/home/turtlebot100/turtlebot3_ws/build/coin_d4_driver' returned '0': CMAKE_PREFIX_PATH=/opt/ros/humble /usr/bin/cmake /home/turtlebot100/turtlebot3_ws/src/coin_d4_driver -DAMENT_CMAKE_SYMLINK_INSTALL=1 -DCMAKE_INSTALL_PREFIX=/home/turtlebot100/turtlebot3_ws/install/coin_d4_driver
[6.121s] Invoking command in '/home/turtlebot100/turtlebot3_ws/build/coin_d4_driver': CMAKE_PREFIX_PATH=/opt/ros/humble /usr/bin/cmake --build /home/turtlebot100/turtlebot3_ws/build/coin_d4_driver -- -j4 -l4
[6.328s] [  8%] [32mBuilding CXX object CMakeFiles/coin_d4_driver_lib.dir/src/lidar_sdk/lidar_data_processor.cpp.o[0m
[6.332s] [ 25%] [32mBuilding CXX object CMakeFiles/coin_d4_driver_lib.dir/src/lidar_sdk/serial_port.cpp.o[0m
[6.333s] [ 25%] [32mBuilding CXX object CMakeFiles/coin_d4_driver_lib.dir/src/lidar_sdk/mtime.cpp.o[0m
[6.337s] [ 33%] [32mBuilding CXX object CMakeFiles/coin_d4_driver_lib.dir/src/lidar_sdk/timer.cpp.o[0m
[6.655s] [ 41%] [32mBuilding CXX object CMakeFiles/coin_d4_driver_lib.dir/src/coin_d4_base_handler.cpp.o[0m
[7.021s] [ 50%] [32mBuilding CXX object CMakeFiles/coin_d4_driver_lib.dir/src/coin_d4_lifecycle_handler.cpp.o[0m
[8.464s] [ 58%] [32mBuilding CXX object CMakeFiles/coin_d4_driver_lib.dir/src/coin_d4_node_handler.cpp.o[0m
[32.605s] [ 66%] [32m[1mLinking CXX shared library libcoin_d4_driver_lib.so[0m
[33.913s] [ 66%] Built target coin_d4_driver_lib
[33.992s] [ 83%] [32mBuilding CXX object CMakeFiles/multi_coin_d4_node.dir/src/multi_coin_d4_node.cpp.o[0m
[33.993s] [ 83%] [32mBuilding CXX object CMakeFiles/single_coin_d4_node.dir/src/single_coin_d4_node.cpp.o[0m
[47.714s] [ 91%] [32m[1mLinking CXX executable single_coin_d4_node[0m
[48.666s] [ 91%] Built target single_coin_d4_node
[48.710s] [100%] [32m[1mLinking CXX executable multi_coin_d4_node[0m
[49.611s] [100%] Built target multi_coin_d4_node
[49.650s] Invoked command in '/home/turtlebot100/turtlebot3_ws/build/coin_d4_driver' returned '0': CMAKE_PREFIX_PATH=/opt/ros/humble /usr/bin/cmake --build /home/turtlebot100/turtlebot3_ws/build/coin_d4_driver -- -j4 -l4
[49.659s] Invoking command in '/home/turtlebot100/turtlebot3_ws/build/coin_d4_driver': CMAKE_PREFIX_PATH=/opt/ros/humble /usr/bin/cmake --install /home/turtlebot100/turtlebot3_ws/build/coin_d4_driver
[49.685s] -- Install configuration: ""
[49.686s] -- Execute custom install script
[49.689s] -- Symlinking: /home/turtlebot100/turtlebot3_ws/install/coin_d4_driver/include/coin_d4_driver/coin_d4_base_handler.hpp
[49.719s] -- Symlinking: /home/turtlebot100/turtlebot3_ws/install/coin_d4_driver/include/coin_d4_driver/coin_d4_lifecycle_handler.hpp
[49.749s] -- Symlinking: /home/turtlebot100/turtlebot3_ws/install/coin_d4_driver/include/coin_d4_driver/coin_d4_node_handler.hpp
[49.779s] -- Symlinking: /home/turtlebot100/turtlebot3_ws/install/coin_d4_driver/include/coin_d4_driver/lidar_sdk/handling_info.hpp
[49.809s] -- Symlinking: /home/turtlebot100/turtlebot3_ws/install/coin_d4_driver/include/coin_d4_driver/lidar_sdk/lidar_data_processor.hpp
[49.840s] -- Symlinking: /home/turtlebot100/turtlebot3_ws/install/coin_d4_driver/include/coin_d4_driver/lidar_sdk/lidar_information.hpp
[49.870s] -- Symlinking: /home/turtlebot100/turtlebot3_ws/install/coin_d4_driver/include/coin_d4_driver/lidar_sdk/locker.hpp
[49.900s] -- Symlinking: /home/turtlebot100/turtlebot3_ws/install/coin_d4_driver/include/coin_d4_driver/lidar_sdk/mtime.hpp
[49.931s] -- Symlinking: /home/turtlebot100/turtlebot3_ws/install/coin_d4_driver/include/coin_d4_driver/lidar_sdk/serial_port.hpp
[49.961s] -- Symlinking: /home/turtlebot100/turtlebot3_ws/install/coin_d4_driver/include/coin_d4_driver/lidar_sdk/timer.hpp
[49.993s] -- Symlinking: /home/turtlebot100/turtlebot3_ws/install/coin_d4_driver/include/coin_d4_driver/multi_coin_d4_node.hpp
[50.023s] -- Symlinking: /home/turtlebot100/turtlebot3_ws/install/coin_d4_driver/include/coin_d4_driver/single_coin_d4_node.hpp
[50.054s] -- Symlinking: /home/turtlebot100/turtlebot3_ws/install/coin_d4_driver/share/coin_d4_driver/launch/multi_lidar_node.launch.py
[50.086s] -- Symlinking: /home/turtlebot100/turtlebot3_ws/install/coin_d4_driver/share/coin_d4_driver/launch/single_lidar_node.launch.py
[50.117s] -- Symlinking: /home/turtlebot100/turtlebot3_ws/install/coin_d4_driver/share/coin_d4_driver/params/multi_lidar_node.yaml
[50.149s] -- Symlinking: /home/turtlebot100/turtlebot3_ws/install/coin_d4_driver/share/coin_d4_driver/params/single_lidar_node.yaml
[50.179s] -- Symlinking: /home/turtlebot100/turtlebot3_ws/install/coin_d4_driver/lib/coin_d4_driver/single_coin_d4_node
[50.210s] -- Symlinking: /home/turtlebot100/turtlebot3_ws/install/coin_d4_driver/lib/coin_d4_driver/multi_coin_d4_node
[50.242s] -- Symlinking: /home/turtlebot100/turtlebot3_ws/install/coin_d4_driver/share/coin_d4_driver/environment/library_path.sh
[50.271s] -- Symlinking: /home/turtlebot100/turtlebot3_ws/install/coin_d4_driver/share/coin_d4_driver/environment/library_path.dsv
[50.305s] -- Symlinking: /home/turtlebot100/turtlebot3_ws/install/coin_d4_driver/share/ament_index/resource_index/package_run_dependencies/coin_d4_driver
[50.336s] -- Symlinking: /home/turtlebot100/turtlebot3_ws/install/coin_d4_driver/share/ament_index/resource_index/parent_prefix_path/coin_d4_driver
[50.368s] -- Symlinking: /home/turtlebot100/turtlebot3_ws/install/coin_d4_driver/share/coin_d4_driver/environment/ament_prefix_path.sh
[50.401s] -- Symlinking: /home/turtlebot100/turtlebot3_ws/install/coin_d4_driver/share/coin_d4_driver/environment/ament_prefix_path.dsv
[50.432s] -- Symlinking: /home/turtlebot100/turtlebot3_ws/install/coin_d4_driver/share/coin_d4_driver/environment/path.sh
[50.462s] -- Symlinking: /home/turtlebot100/turtlebot3_ws/install/coin_d4_driver/share/coin_d4_driver/environment/path.dsv
[50.492s] -- Symlinking: /home/turtlebot100/turtlebot3_ws/install/coin_d4_driver/share/coin_d4_driver/local_setup.bash
[50.523s] -- Symlinking: /home/turtlebot100/turtlebot3_ws/install/coin_d4_driver/share/coin_d4_driver/local_setup.sh
[50.553s] -- Symlinking: /home/turtlebot100/turtlebot3_ws/install/coin_d4_driver/share/coin_d4_driver/local_setup.zsh
[50.583s] -- Symlinking: /home/turtlebot100/turtlebot3_ws/install/coin_d4_driver/share/coin_d4_driver/local_setup.dsv
[50.614s] -- Symlinking: /home/turtlebot100/turtlebot3_ws/install/coin_d4_driver/share/coin_d4_driver/package.dsv
[50.646s] -- Symlinking: /home/turtlebot100/turtlebot3_ws/install/coin_d4_driver/share/ament_index/resource_index/packages/coin_d4_driver
[50.677s] -- Symlinking: /home/turtlebot100/turtlebot3_ws/install/coin_d4_driver/share/coin_d4_driver/cmake/ament_cmake_export_include_directories-extras.cmake
[50.708s] -- Symlinking: /home/turtlebot100/turtlebot3_ws/install/coin_d4_driver/share/coin_d4_driver/cmake/ament_cmake_export_libraries-extras.cmake
[50.738s] -- Symlinking: /home/turtlebot100/turtlebot3_ws/install/coin_d4_driver/share/coin_d4_driver/cmake/ament_cmake_export_targets-extras.cmake
[50.768s] -- Symlinking: /home/turtlebot100/turtlebot3_ws/install/coin_d4_driver/share/coin_d4_driver/cmake/ament_cmake_export_dependencies-extras.cmake
[50.798s] -- Symlinking: /home/turtlebot100/turtlebot3_ws/install/coin_d4_driver/share/coin_d4_driver/cmake/coin_d4_driverConfig.cmake
[50.829s] -- Symlinking: /home/turtlebot100/turtlebot3_ws/install/coin_d4_driver/share/coin_d4_driver/cmake/coin_d4_driverConfig-version.cmake
[50.860s] -- Symlinking: /home/turtlebot100/turtlebot3_ws/install/coin_d4_driver/share/coin_d4_driver/package.xml
[50.891s] -- Installing: /home/turtlebot100/turtlebot3_ws/install/coin_d4_driver/lib/libcoin_d4_driver_lib.so
[50.908s] -- Set runtime path of "/home/turtlebot100/turtlebot3_ws/install/coin_d4_driver/lib/libcoin_d4_driver_lib.so" to ""
[50.909s] -- Installing: /home/turtlebot100/turtlebot3_ws/install/coin_d4_driver/share/coin_d4_driver/cmake/export_coin_d4_driverExport.cmake
[50.910s] -- Installing: /home/turtlebot100/turtlebot3_ws/install/coin_d4_driver/share/coin_d4_driver/cmake/export_coin_d4_driverExport-noconfig.cmake
[50.918s] Invoked command in '/home/turtlebot100/turtlebot3_ws/build/coin_d4_driver' returned '0': CMAKE_PREFIX_PATH=/opt/ros/humble /usr/bin/cmake --install /home/turtlebot100/turtlebot3_ws/build/coin_d4_driver
