[0.029s] Invoking command in '/home/turtlebot100/turtlebot3_ws/build/turtlebot3_node': CMAKE_PREFIX_PATH=/opt/ros/humble /usr/bin/cmake /home/turtlebot100/turtlebot3_ws/src/turtlebot3/turtlebot3_node -DAMENT_CMAKE_SYMLINK_INSTALL=1 -DCMAKE_INSTALL_PREFIX=/home/turtlebot100/turtlebot3_ws/install/turtlebot3_node
[0.270s] -- The C compiler identification is GNU 11.4.0
[0.516s] -- The CXX compiler identification is GNU 11.4.0
[0.548s] -- Detecting C compiler ABI info
[0.838s] -- Detecting C compiler ABI info - done
[0.866s] -- Check for working C compiler: /usr/bin/cc - skipped
[0.867s] -- Detecting C compile features
[0.868s] -- Detecting C compile features - done
[0.879s] -- Detecting CXX compiler ABI info
[1.208s] -- Detecting CXX compiler ABI info - done
[1.235s] -- Check for working CXX compiler: /usr/bin/c++ - skipped
[1.236s] -- Detecting CXX compile features
[1.238s] -- Detecting CXX compile features - done
[1.257s] -- Found ament_cmake: 1.3.13 (/opt/ros/humble/share/ament_cmake/cmake)
[1.925s] -- Found Python3: /usr/bin/python3 (found version "3.10.12") found components: Interpreter 
[2.206s] -- Override CMake install command with custom implementation using symlinks instead of copying resources
[2.389s] -- Found dynamixel_sdk: 4.0.3 (/opt/ros/humble/share/dynamixel_sdk/cmake)
[2.409s] -- Found geometry_msgs: 4.9.1 (/opt/ros/humble/share/geometry_msgs/cmake)
[2.615s] -- Found rosidl_generator_c: 3.1.8 (/opt/ros/humble/share/rosidl_generator_c/cmake)
[2.646s] -- Found rosidl_adapter: 3.1.8 (/opt/ros/humble/share/rosidl_adapter/cmake)
[2.691s] -- Found rosidl_generator_cpp: 3.1.8 (/opt/ros/humble/share/rosidl_generator_cpp/cmake)
[2.751s] -- Using all available rosidl_typesupport_c: rosidl_typesupport_fastrtps_c;rosidl_typesupport_introspection_c
[2.833s] -- Using all available rosidl_typesupport_cpp: rosidl_typesupport_fastrtps_cpp;rosidl_typesupport_introspection_cpp
[3.004s] -- Found message_filters: 4.3.14 (/opt/ros/humble/share/message_filters/cmake)
[3.222s] -- Found rmw_implementation_cmake: 6.1.2 (/opt/ros/humble/share/rmw_implementation_cmake/cmake)
[3.238s] -- Found rmw_fastrtps_cpp: 6.2.10 (/opt/ros/humble/share/rmw_fastrtps_cpp/cmake)
[3.632s] -- Found OpenSSL: /usr/lib/aarch64-linux-gnu/libcrypto.so (found version "3.0.2")  
[3.742s] -- Found FastRTPS: /opt/ros/humble/include  
[3.926s] -- Using RMW implementation 'rmw_fastrtps_cpp' as default
[4.101s] -- Looking for pthread.h
[4.423s] -- Looking for pthread.h - found
[4.425s] -- Performing Test CMAKE_HAVE_LIBC_PTHREAD
[4.798s] -- Performing Test CMAKE_HAVE_LIBC_PTHREAD - Success
[4.803s] -- Found Threads: TRUE  
[4.978s] -- Found nav_msgs: 4.9.1 (/opt/ros/humble/share/nav_msgs/cmake)
[5.052s] -- Found sensor_msgs: 4.9.1 (/opt/ros/humble/share/sensor_msgs/cmake)
[5.126s] -- Found std_srvs: 4.9.1 (/opt/ros/humble/share/std_srvs/cmake)
[5.179s] -- Found tf2: 0.25.19 (/opt/ros/humble/share/tf2/cmake)
[5.234s] -- Found tf2_ros: 0.25.19 (/opt/ros/humble/share/tf2_ros/cmake)
[5.604s] -- Found turtlebot3_msgs: 2.4.0 (/opt/ros/humble/share/turtlebot3_msgs/cmake)
[5.974s] -- Configuring done
[6.078s] -- Generating done
[6.103s] -- Build files have been written to: /home/turtlebot100/turtlebot3_ws/build/turtlebot3_node
[6.147s] Invoked command in '/home/turtlebot100/turtlebot3_ws/build/turtlebot3_node' returned '0': CMAKE_PREFIX_PATH=/opt/ros/humble /usr/bin/cmake /home/turtlebot100/turtlebot3_ws/src/turtlebot3/turtlebot3_node -DAMENT_CMAKE_SYMLINK_INSTALL=1 -DCMAKE_INSTALL_PREFIX=/home/turtlebot100/turtlebot3_ws/install/turtlebot3_node
[6.154s] Invoking command in '/home/turtlebot100/turtlebot3_ws/build/turtlebot3_node': CMAKE_PREFIX_PATH=/opt/ros/humble /usr/bin/cmake --build /home/turtlebot100/turtlebot3_ws/build/turtlebot3_node -- -j4 -l4
[6.361s] [  7%] [32mBuilding CXX object CMakeFiles/turtlebot3_node_lib.dir/src/devices/motor_power.cpp.o[0m
[6.364s] [ 14%] [32mBuilding CXX object CMakeFiles/turtlebot3_node_lib.dir/src/devices/sound.cpp.o[0m
[6.365s] [ 21%] [32mBuilding CXX object CMakeFiles/turtlebot3_node_lib.dir/src/devices/reset.cpp.o[0m
[6.371s] [ 28%] [32mBuilding CXX object CMakeFiles/turtlebot3_node_lib.dir/src/diff_drive_controller.cpp.o[0m
[27.308s] [ 35%] [32mBuilding CXX object CMakeFiles/turtlebot3_node_lib.dir/src/dynamixel_sdk_wrapper.cpp.o[0m
[30.872s] [ 42%] [32mBuilding CXX object CMakeFiles/turtlebot3_node_lib.dir/src/odometry.cpp.o[0m
[30.958s] [ 50%] [32mBuilding CXX object CMakeFiles/turtlebot3_node_lib.dir/src/turtlebot3.cpp.o[0m
[31.960s] [ 57%] [32mBuilding CXX object CMakeFiles/turtlebot3_node_lib.dir/src/sensors/battery_state.cpp.o[0m
[32.032s] [ 64%] [32mBuilding CXX object CMakeFiles/turtlebot3_node_lib.dir/src/sensors/imu.cpp.o[0m
[58.929s] [ 71%] [32mBuilding CXX object CMakeFiles/turtlebot3_node_lib.dir/src/sensors/joint_state.cpp.o[0m
[60.673s] [ 78%] [32mBuilding CXX object CMakeFiles/turtlebot3_node_lib.dir/src/sensors/sensor_state.cpp.o[0m
[118.878s] [ 85%] [32m[1mLinking CXX static library libturtlebot3_node_lib.a[0m
[133.590s] [ 85%] Built target turtlebot3_node_lib
[133.674s] [ 92%] [32mBuilding CXX object CMakeFiles/turtlebot3_ros.dir/src/node_main.cpp.o[0m
[148.569s] [100%] [32m[1mLinking CXX executable turtlebot3_ros[0m
[159.943s] [100%] Built target turtlebot3_ros
[159.983s] Invoked command in '/home/turtlebot100/turtlebot3_ws/build/turtlebot3_node' returned '0': CMAKE_PREFIX_PATH=/opt/ros/humble /usr/bin/cmake --build /home/turtlebot100/turtlebot3_ws/build/turtlebot3_node -- -j4 -l4
[159.993s] Invoking command in '/home/turtlebot100/turtlebot3_ws/build/turtlebot3_node': CMAKE_PREFIX_PATH=/opt/ros/humble /usr/bin/cmake --install /home/turtlebot100/turtlebot3_ws/build/turtlebot3_node
[160.018s] -- Install configuration: ""
[160.020s] -- Execute custom install script
[160.022s] -- Symlinking: /home/turtlebot100/turtlebot3_ws/install/turtlebot3_node/share/turtlebot3_node/param/burger.yaml
[160.051s] -- Symlinking: /home/turtlebot100/turtlebot3_ws/install/turtlebot3_node/share/turtlebot3_node/param/waffle.yaml
[160.083s] -- Symlinking: /home/turtlebot100/turtlebot3_ws/install/turtlebot3_node/share/turtlebot3_node/param/waffle_pi.yaml
[160.114s] -- Symlinking: /home/turtlebot100/turtlebot3_ws/install/turtlebot3_node/lib/turtlebot3_node/turtlebot3_ros
[160.144s] -- Symlinking: /home/turtlebot100/turtlebot3_ws/install/turtlebot3_node/share/ament_index/resource_index/package_run_dependencies/turtlebot3_node
[160.176s] -- Symlinking: /home/turtlebot100/turtlebot3_ws/install/turtlebot3_node/share/ament_index/resource_index/parent_prefix_path/turtlebot3_node
[160.209s] -- Symlinking: /home/turtlebot100/turtlebot3_ws/install/turtlebot3_node/share/turtlebot3_node/environment/ament_prefix_path.sh
[160.240s] -- Symlinking: /home/turtlebot100/turtlebot3_ws/install/turtlebot3_node/share/turtlebot3_node/environment/ament_prefix_path.dsv
[160.271s] -- Symlinking: /home/turtlebot100/turtlebot3_ws/install/turtlebot3_node/share/turtlebot3_node/environment/path.sh
[160.301s] -- Symlinking: /home/turtlebot100/turtlebot3_ws/install/turtlebot3_node/share/turtlebot3_node/environment/path.dsv
[160.331s] -- Symlinking: /home/turtlebot100/turtlebot3_ws/install/turtlebot3_node/share/turtlebot3_node/local_setup.bash
[160.362s] -- Symlinking: /home/turtlebot100/turtlebot3_ws/install/turtlebot3_node/share/turtlebot3_node/local_setup.sh
[160.393s] -- Symlinking: /home/turtlebot100/turtlebot3_ws/install/turtlebot3_node/share/turtlebot3_node/local_setup.zsh
[160.423s] -- Symlinking: /home/turtlebot100/turtlebot3_ws/install/turtlebot3_node/share/turtlebot3_node/local_setup.dsv
[160.453s] -- Symlinking: /home/turtlebot100/turtlebot3_ws/install/turtlebot3_node/share/turtlebot3_node/package.dsv
[160.486s] -- Symlinking: /home/turtlebot100/turtlebot3_ws/install/turtlebot3_node/share/ament_index/resource_index/packages/turtlebot3_node
[160.516s] -- Symlinking: /home/turtlebot100/turtlebot3_ws/install/turtlebot3_node/share/turtlebot3_node/cmake/ament_cmake_export_dependencies-extras.cmake
[160.547s] -- Symlinking: /home/turtlebot100/turtlebot3_ws/install/turtlebot3_node/share/turtlebot3_node/cmake/ament_cmake_export_include_directories-extras.cmake
[160.578s] -- Symlinking: /home/turtlebot100/turtlebot3_ws/install/turtlebot3_node/share/turtlebot3_node/cmake/turtlebot3_nodeConfig.cmake
[160.607s] -- Symlinking: /home/turtlebot100/turtlebot3_ws/install/turtlebot3_node/share/turtlebot3_node/cmake/turtlebot3_nodeConfig-version.cmake
[160.638s] -- Symlinking: /home/turtlebot100/turtlebot3_ws/install/turtlebot3_node/share/turtlebot3_node/package.xml
[160.674s] Invoked command in '/home/turtlebot100/turtlebot3_ws/build/turtlebot3_node' returned '0': CMAKE_PREFIX_PATH=/opt/ros/humble /usr/bin/cmake --install /home/turtlebot100/turtlebot3_ws/build/turtlebot3_node
